0 info it worked if it ends with ok
1 verbose cli [ '/usr/local/bin/node',
1 verbose cli   '/usr/local/lib/node_modules/tnpm/node_modules/_npm@3.10.10@npm/bin/npm-cli.js',
1 verbose cli   '--cache=/Users/xuerong/.tnpm',
1 verbose cli   '--tmp=/Users/xuerong/.tnpm_tmp',
1 verbose cli   '--no-proxy',
1 verbose cli   '--disturl=https://tnpm-hz.oss-cn-hangzhou.aliyuncs.com/dist/node',
1 verbose cli   '--userconfig=/Users/xuerong/.tnpmrc',
1 verbose cli   '--registry=http://registry.npm.alibaba-inc.com',
1 verbose cli   'run',
1 verbose cli   'dev' ]
2 info using npm@3.10.10
3 info using node@v6.11.2
4 verbose stack Error: ENOENT: no such file or directory, open '/usr/local/html/youkuworks/goldlog/package.json'
4 verbose stack     at Error (native)
5 verbose cwd /usr/local/html/youkuworks/goldlog
6 error Darwin 16.7.0
7 error argv "/usr/local/bin/node" "/usr/local/lib/node_modules/tnpm/node_modules/_npm@3.10.10@npm/bin/npm-cli.js" "--cache=/Users/xuerong/.tnpm" "--tmp=/Users/xuerong/.tnpm_tmp" "--no-proxy" "--disturl=https://tnpm-hz.oss-cn-hangzhou.aliyuncs.com/dist/node" "--userconfig=/Users/xuerong/.tnpmrc" "--registry=http://registry.npm.alibaba-inc.com" "run" "dev"
8 error node v6.11.2
9 error npm  v3.10.10
10 error path /usr/local/html/youkuworks/goldlog/package.json
11 error code ENOENT
12 error errno -2
13 error syscall open
14 error enoent ENOENT: no such file or directory, open '/usr/local/html/youkuworks/goldlog/package.json'
15 error enoent ENOENT: no such file or directory, open '/usr/local/html/youkuworks/goldlog/package.json'
15 error enoent This is most likely not a problem with npm itself
15 error enoent and is related to npm not being able to find a file.
16 verbose exit [ -2, true ]
